<?xml version="1.0" encoding="UTF-8"?>
<!-- Generated by org.testng.reporters.JUnitReportReporter -->
<testsuite skipped="0" hostname="Naumans-PC" name="com.nopcommerce.demo.testsuite.TopMenuTest" tests="2" failures="0" timestamp="2022-12-13T22:19:48 GMT" time="8.238" errors="0">
  <testcase name="verifySuccessfulPageNavigation" time="3.704" classname="com.nopcommerce.demo.testsuite.TopMenuTest"/>
  <system-out>
    <![CDATA[The menu options are [[[ChromeDriver: chrome on WINDOWS (4cbd60a284b95d7fa535a3ce02fff8bc)] -> xpath: //div[@class='header-menu']//ul/child::*], [[ChromeDriver: chrome on WINDOWS (4cbd60a284b95d7fa535a3ce02fff8bc)] -> xpath: //div[@class='header-menu']//ul/child::*], [[ChromeDriver: chrome on WINDOWS (4cbd60a284b95d7fa535a3ce02fff8bc)] -> xpath: //div[@class='header-menu']//ul/child::*], [[ChromeDriver: chrome on WINDOWS (4cbd60a284b95d7fa535a3ce02fff8bc)] -> xpath: //div[@class='header-menu']//ul/child::*], [[ChromeDriver: chrome on WINDOWS (4cbd60a284b95d7fa535a3ce02fff8bc)] -> xpath: //div[@class='header-menu']//ul/child::*], [[ChromeDriver: chrome on WINDOWS (4cbd60a284b95d7fa535a3ce02fff8bc)] -> xpath: //div[@class='header-menu']//ul/child::*], [[ChromeDriver: chrome on WINDOWS (4cbd60a284b95d7fa535a3ce02fff8bc)] -> xpath: //div[@class='header-menu']//ul/child::*], [[ChromeDriver: chrome on WINDOWS (4cbd60a284b95d7fa535a3ce02fff8bc)] -> xpath: //div[@class='header-menu']//ul/child::*], [[ChromeDriver: chrome on WINDOWS (4cbd60a284b95d7fa535a3ce02fff8bc)] -> xpath: //div[@class='header-menu']//ul/child::*], [[ChromeDriver: chrome on WINDOWS (4cbd60a284b95d7fa535a3ce02fff8bc)] -> xpath: //div[@class='header-menu']//ul/child::*], [[ChromeDriver: chrome on WINDOWS (4cbd60a284b95d7fa535a3ce02fff8bc)] -> xpath: //div[@class='header-menu']//ul/child::*], [[ChromeDriver: chrome on WINDOWS (4cbd60a284b95d7fa535a3ce02fff8bc)] -> xpath: //div[@class='header-menu']//ul/child::*], [[ChromeDriver: chrome on WINDOWS (4cbd60a284b95d7fa535a3ce02fff8bc)] -> xpath: //div[@class='header-menu']//ul/child::*], [[ChromeDriver: chrome on WINDOWS (4cbd60a284b95d7fa535a3ce02fff8bc)] -> xpath: //div[@class='header-menu']//ul/child::*], [[ChromeDriver: chrome on WINDOWS (4cbd60a284b95d7fa535a3ce02fff8bc)] -> xpath: //div[@class='header-menu']//ul/child::*], [[ChromeDriver: chrome on WINDOWS (4cbd60a284b95d7fa535a3ce02fff8bc)] -> xpath: //div[@class='header-menu']//ul/child::*], [[ChromeDriver: chrome on WINDOWS (4cbd60a284b95d7fa535a3ce02fff8bc)] -> xpath: //div[@class='header-menu']//ul/child::*], [[ChromeDriver: chrome on WINDOWS (4cbd60a284b95d7fa535a3ce02fff8bc)] -> xpath: //div[@class='header-menu']//ul/child::*], [[ChromeDriver: chrome on WINDOWS (4cbd60a284b95d7fa535a3ce02fff8bc)] -> xpath: //div[@class='header-menu']//ul/child::*], [[ChromeDriver: chrome on WINDOWS (4cbd60a284b95d7fa535a3ce02fff8bc)] -> xpath: //div[@class='header-menu']//ul/child::*], [[ChromeDriver: chrome on WINDOWS (4cbd60a284b95d7fa535a3ce02fff8bc)] -> xpath: //div[@class='header-menu']//ul/child::*], [[ChromeDriver: chrome on WINDOWS (4cbd60a284b95d7fa535a3ce02fff8bc)] -> xpath: //div[@class='header-menu']//ul/child::*], [[ChromeDriver: chrome on WINDOWS (4cbd60a284b95d7fa535a3ce02fff8bc)] -> xpath: //div[@class='header-menu']//ul/child::*], [[ChromeDriver: chrome on WINDOWS (4cbd60a284b95d7fa535a3ce02fff8bc)] -> xpath: //div[@class='header-menu']//ul/child::*], [[ChromeDriver: chrome on WINDOWS (4cbd60a284b95d7fa535a3ce02fff8bc)] -> xpath: //div[@class='header-menu']//ul/child::*], [[ChromeDriver: chrome on WINDOWS (4cbd60a284b95d7fa535a3ce02fff8bc)] -> xpath: //div[@class='header-menu']//ul/child::*], [[ChromeDriver: chrome on WINDOWS (4cbd60a284b95d7fa535a3ce02fff8bc)] -> xpath: //div[@class='header-menu']//ul/child::*], [[ChromeDriver: chrome on WINDOWS (4cbd60a284b95d7fa535a3ce02fff8bc)] -> xpath: //div[@class='header-menu']//ul/child::*], [[ChromeDriver: chrome on WINDOWS (4cbd60a284b95d7fa535a3ce02fff8bc)] -> xpath: //div[@class='header-menu']//ul/child::*], [[ChromeDriver: chrome on WINDOWS (4cbd60a284b95d7fa535a3ce02fff8bc)] -> xpath: //div[@class='header-menu']//ul/child::*], [[ChromeDriver: chrome on WINDOWS (4cbd60a284b95d7fa535a3ce02fff8bc)] -> xpath: //div[@class='header-menu']//ul/child::*], [[ChromeDriver: chrome on WINDOWS (4cbd60a284b95d7fa535a3ce02fff8bc)] -> xpath: //div[@class='header-menu']//ul/child::*]]
The page title are [[ChromeDriver: chrome on WINDOWS (4cbd60a284b95d7fa535a3ce02fff8bc)] -> xpath: //div[@class='page-title']]
Click to see screenshot
<a target = "_blank" href=C:\Users\nik_7\IdeaProjects\project1-nopcommerece-pagefactory-nauman/test-output/html/verifySuccessfulPageNavigationTue_Dec_13_22_19_05_GMT_2022.jpg>Screenshot</a>
<br>
<br>
<a target = "_blank" href=C:\Users\nik_7\IdeaProjects\project1-nopcommerece-pagefactory-nauman/test-output/html/verifySuccessfulPageNavigationTue_Dec_13_22_19_05_GMT_2022.jpg><img src=C:\Users\nik_7\IdeaProjects\project1-nopcommerece-pagefactory-nauman/test-output/html/verifySuccessfulPageNavigationTue_Dec_13_22_19_05_GMT_2022.jpg height=200 width=200></img></a>]]>
  </system-out>
  <testcase name="verifySuccessfulPageNavigation2" time="4.534" classname="com.nopcommerce.demo.testsuite.TopMenuTest"/>
  <system-out>
    <![CDATA[The menu options are [[[ChromeDriver: chrome on WINDOWS (c6811eee25d51ad23c5b8d76db56d87f)] -> xpath: //div[@class='header-menu']//ul/child::*], [[ChromeDriver: chrome on WINDOWS (c6811eee25d51ad23c5b8d76db56d87f)] -> xpath: //div[@class='header-menu']//ul/child::*], [[ChromeDriver: chrome on WINDOWS (c6811eee25d51ad23c5b8d76db56d87f)] -> xpath: //div[@class='header-menu']//ul/child::*], [[ChromeDriver: chrome on WINDOWS (c6811eee25d51ad23c5b8d76db56d87f)] -> xpath: //div[@class='header-menu']//ul/child::*], [[ChromeDriver: chrome on WINDOWS (c6811eee25d51ad23c5b8d76db56d87f)] -> xpath: //div[@class='header-menu']//ul/child::*], [[ChromeDriver: chrome on WINDOWS (c6811eee25d51ad23c5b8d76db56d87f)] -> xpath: //div[@class='header-menu']//ul/child::*], [[ChromeDriver: chrome on WINDOWS (c6811eee25d51ad23c5b8d76db56d87f)] -> xpath: //div[@class='header-menu']//ul/child::*], [[ChromeDriver: chrome on WINDOWS (c6811eee25d51ad23c5b8d76db56d87f)] -> xpath: //div[@class='header-menu']//ul/child::*], [[ChromeDriver: chrome on WINDOWS (c6811eee25d51ad23c5b8d76db56d87f)] -> xpath: //div[@class='header-menu']//ul/child::*], [[ChromeDriver: chrome on WINDOWS (c6811eee25d51ad23c5b8d76db56d87f)] -> xpath: //div[@class='header-menu']//ul/child::*], [[ChromeDriver: chrome on WINDOWS (c6811eee25d51ad23c5b8d76db56d87f)] -> xpath: //div[@class='header-menu']//ul/child::*], [[ChromeDriver: chrome on WINDOWS (c6811eee25d51ad23c5b8d76db56d87f)] -> xpath: //div[@class='header-menu']//ul/child::*], [[ChromeDriver: chrome on WINDOWS (c6811eee25d51ad23c5b8d76db56d87f)] -> xpath: //div[@class='header-menu']//ul/child::*], [[ChromeDriver: chrome on WINDOWS (c6811eee25d51ad23c5b8d76db56d87f)] -> xpath: //div[@class='header-menu']//ul/child::*], [[ChromeDriver: chrome on WINDOWS (c6811eee25d51ad23c5b8d76db56d87f)] -> xpath: //div[@class='header-menu']//ul/child::*], [[ChromeDriver: chrome on WINDOWS (c6811eee25d51ad23c5b8d76db56d87f)] -> xpath: //div[@class='header-menu']//ul/child::*], [[ChromeDriver: chrome on WINDOWS (c6811eee25d51ad23c5b8d76db56d87f)] -> xpath: //div[@class='header-menu']//ul/child::*], [[ChromeDriver: chrome on WINDOWS (c6811eee25d51ad23c5b8d76db56d87f)] -> xpath: //div[@class='header-menu']//ul/child::*], [[ChromeDriver: chrome on WINDOWS (c6811eee25d51ad23c5b8d76db56d87f)] -> xpath: //div[@class='header-menu']//ul/child::*], [[ChromeDriver: chrome on WINDOWS (c6811eee25d51ad23c5b8d76db56d87f)] -> xpath: //div[@class='header-menu']//ul/child::*], [[ChromeDriver: chrome on WINDOWS (c6811eee25d51ad23c5b8d76db56d87f)] -> xpath: //div[@class='header-menu']//ul/child::*], [[ChromeDriver: chrome on WINDOWS (c6811eee25d51ad23c5b8d76db56d87f)] -> xpath: //div[@class='header-menu']//ul/child::*], [[ChromeDriver: chrome on WINDOWS (c6811eee25d51ad23c5b8d76db56d87f)] -> xpath: //div[@class='header-menu']//ul/child::*], [[ChromeDriver: chrome on WINDOWS (c6811eee25d51ad23c5b8d76db56d87f)] -> xpath: //div[@class='header-menu']//ul/child::*], [[ChromeDriver: chrome on WINDOWS (c6811eee25d51ad23c5b8d76db56d87f)] -> xpath: //div[@class='header-menu']//ul/child::*], [[ChromeDriver: chrome on WINDOWS (c6811eee25d51ad23c5b8d76db56d87f)] -> xpath: //div[@class='header-menu']//ul/child::*], [[ChromeDriver: chrome on WINDOWS (c6811eee25d51ad23c5b8d76db56d87f)] -> xpath: //div[@class='header-menu']//ul/child::*], [[ChromeDriver: chrome on WINDOWS (c6811eee25d51ad23c5b8d76db56d87f)] -> xpath: //div[@class='header-menu']//ul/child::*], [[ChromeDriver: chrome on WINDOWS (c6811eee25d51ad23c5b8d76db56d87f)] -> xpath: //div[@class='header-menu']//ul/child::*], [[ChromeDriver: chrome on WINDOWS (c6811eee25d51ad23c5b8d76db56d87f)] -> xpath: //div[@class='header-menu']//ul/child::*], [[ChromeDriver: chrome on WINDOWS (c6811eee25d51ad23c5b8d76db56d87f)] -> xpath: //div[@class='header-menu']//ul/child::*], [[ChromeDriver: chrome on WINDOWS (c6811eee25d51ad23c5b8d76db56d87f)] -> xpath: //div[@class='header-menu']//ul/child::*]]
The page title are [[ChromeDriver: chrome on WINDOWS (c6811eee25d51ad23c5b8d76db56d87f)] -> xpath: //div[@class='page-title']]
Click to see screenshot
<a target = "_blank" href=C:\Users\nik_7\IdeaProjects\project1-nopcommerece-pagefactory-nauman/test-output/html/verifySuccessfulPageNavigation2Tue_Dec_13_22_19_09_GMT_2022.jpg>Screenshot</a>
<br>
<br>
<a target = "_blank" href=C:\Users\nik_7\IdeaProjects\project1-nopcommerece-pagefactory-nauman/test-output/html/verifySuccessfulPageNavigation2Tue_Dec_13_22_19_09_GMT_2022.jpg><img src=C:\Users\nik_7\IdeaProjects\project1-nopcommerece-pagefactory-nauman/test-output/html/verifySuccessfulPageNavigation2Tue_Dec_13_22_19_09_GMT_2022.jpg height=200 width=200></img></a>]]>
  </system-out>
</testsuite> <!-- com.nopcommerce.demo.testsuite.TopMenuTest -->
