<?xml version="1.0" encoding="UTF-8"?>
<!-- Generated by org.testng.reporters.JUnitReportReporter -->
<testsuite skipped="0" hostname="Naumans-PC" name="com.nopcommerce.demo.testsuite.ElectronicTest" tests="2" failures="0" timestamp="2022-12-13T22:19:48 GMT" time="17.909" errors="0">
  <testcase name="verifyThatTheProductAddedSuccessfullyAndPlaceOrderSuccessfully" time="14.428" classname="com.nopcommerce.demo.testsuite.ElectronicTest"/>
  <system-out>
    <![CDATA[The menu options are[[[ChromeDriver: chrome on WINDOWS (adf5a42d5e8ac1af6267a34c432cd9ed)] -> xpath: //div[@class='header-menu']//ul/child::*], [[ChromeDriver: chrome on WINDOWS (adf5a42d5e8ac1af6267a34c432cd9ed)] -> xpath: //div[@class='header-menu']//ul/child::*], [[ChromeDriver: chrome on WINDOWS (adf5a42d5e8ac1af6267a34c432cd9ed)] -> xpath: //div[@class='header-menu']//ul/child::*], [[ChromeDriver: chrome on WINDOWS (adf5a42d5e8ac1af6267a34c432cd9ed)] -> xpath: //div[@class='header-menu']//ul/child::*], [[ChromeDriver: chrome on WINDOWS (adf5a42d5e8ac1af6267a34c432cd9ed)] -> xpath: //div[@class='header-menu']//ul/child::*], [[ChromeDriver: chrome on WINDOWS (adf5a42d5e8ac1af6267a34c432cd9ed)] -> xpath: //div[@class='header-menu']//ul/child::*], [[ChromeDriver: chrome on WINDOWS (adf5a42d5e8ac1af6267a34c432cd9ed)] -> xpath: //div[@class='header-menu']//ul/child::*], [[ChromeDriver: chrome on WINDOWS (adf5a42d5e8ac1af6267a34c432cd9ed)] -> xpath: //div[@class='header-menu']//ul/child::*], [[ChromeDriver: chrome on WINDOWS (adf5a42d5e8ac1af6267a34c432cd9ed)] -> xpath: //div[@class='header-menu']//ul/child::*], [[ChromeDriver: chrome on WINDOWS (adf5a42d5e8ac1af6267a34c432cd9ed)] -> xpath: //div[@class='header-menu']//ul/child::*], [[ChromeDriver: chrome on WINDOWS (adf5a42d5e8ac1af6267a34c432cd9ed)] -> xpath: //div[@class='header-menu']//ul/child::*], [[ChromeDriver: chrome on WINDOWS (adf5a42d5e8ac1af6267a34c432cd9ed)] -> xpath: //div[@class='header-menu']//ul/child::*], [[ChromeDriver: chrome on WINDOWS (adf5a42d5e8ac1af6267a34c432cd9ed)] -> xpath: //div[@class='header-menu']//ul/child::*], [[ChromeDriver: chrome on WINDOWS (adf5a42d5e8ac1af6267a34c432cd9ed)] -> xpath: //div[@class='header-menu']//ul/child::*], [[ChromeDriver: chrome on WINDOWS (adf5a42d5e8ac1af6267a34c432cd9ed)] -> xpath: //div[@class='header-menu']//ul/child::*], [[ChromeDriver: chrome on WINDOWS (adf5a42d5e8ac1af6267a34c432cd9ed)] -> xpath: //div[@class='header-menu']//ul/child::*], [[ChromeDriver: chrome on WINDOWS (adf5a42d5e8ac1af6267a34c432cd9ed)] -> xpath: //div[@class='header-menu']//ul/child::*], [[ChromeDriver: chrome on WINDOWS (adf5a42d5e8ac1af6267a34c432cd9ed)] -> xpath: //div[@class='header-menu']//ul/child::*], [[ChromeDriver: chrome on WINDOWS (adf5a42d5e8ac1af6267a34c432cd9ed)] -> xpath: //div[@class='header-menu']//ul/child::*], [[ChromeDriver: chrome on WINDOWS (adf5a42d5e8ac1af6267a34c432cd9ed)] -> xpath: //div[@class='header-menu']//ul/child::*], [[ChromeDriver: chrome on WINDOWS (adf5a42d5e8ac1af6267a34c432cd9ed)] -> xpath: //div[@class='header-menu']//ul/child::*], [[ChromeDriver: chrome on WINDOWS (adf5a42d5e8ac1af6267a34c432cd9ed)] -> xpath: //div[@class='header-menu']//ul/child::*], [[ChromeDriver: chrome on WINDOWS (adf5a42d5e8ac1af6267a34c432cd9ed)] -> xpath: //div[@class='header-menu']//ul/child::*], [[ChromeDriver: chrome on WINDOWS (adf5a42d5e8ac1af6267a34c432cd9ed)] -> xpath: //div[@class='header-menu']//ul/child::*], [[ChromeDriver: chrome on WINDOWS (adf5a42d5e8ac1af6267a34c432cd9ed)] -> xpath: //div[@class='header-menu']//ul/child::*], [[ChromeDriver: chrome on WINDOWS (adf5a42d5e8ac1af6267a34c432cd9ed)] -> xpath: //div[@class='header-menu']//ul/child::*], [[ChromeDriver: chrome on WINDOWS (adf5a42d5e8ac1af6267a34c432cd9ed)] -> xpath: //div[@class='header-menu']//ul/child::*], [[ChromeDriver: chrome on WINDOWS (adf5a42d5e8ac1af6267a34c432cd9ed)] -> xpath: //div[@class='header-menu']//ul/child::*], [[ChromeDriver: chrome on WINDOWS (adf5a42d5e8ac1af6267a34c432cd9ed)] -> xpath: //div[@class='header-menu']//ul/child::*], [[ChromeDriver: chrome on WINDOWS (adf5a42d5e8ac1af6267a34c432cd9ed)] -> xpath: //div[@class='header-menu']//ul/child::*], [[ChromeDriver: chrome on WINDOWS (adf5a42d5e8ac1af6267a34c432cd9ed)] -> xpath: //div[@class='header-menu']//ul/child::*], [[ChromeDriver: chrome on WINDOWS (adf5a42d5e8ac1af6267a34c432cd9ed)] -> xpath: //div[@class='header-menu']//ul/child::*]]
The menu options are [[[ChromeDriver: chrome on WINDOWS (adf5a42d5e8ac1af6267a34c432cd9ed)] -> xpath: //div[@class='header-menu']//ul/child::*], [[ChromeDriver: chrome on WINDOWS (adf5a42d5e8ac1af6267a34c432cd9ed)] -> xpath: //div[@class='header-menu']//ul/child::*], [[ChromeDriver: chrome on WINDOWS (adf5a42d5e8ac1af6267a34c432cd9ed)] -> xpath: //div[@class='header-menu']//ul/child::*], [[ChromeDriver: chrome on WINDOWS (adf5a42d5e8ac1af6267a34c432cd9ed)] -> xpath: //div[@class='header-menu']//ul/child::*], [[ChromeDriver: chrome on WINDOWS (adf5a42d5e8ac1af6267a34c432cd9ed)] -> xpath: //div[@class='header-menu']//ul/child::*], [[ChromeDriver: chrome on WINDOWS (adf5a42d5e8ac1af6267a34c432cd9ed)] -> xpath: //div[@class='header-menu']//ul/child::*], [[ChromeDriver: chrome on WINDOWS (adf5a42d5e8ac1af6267a34c432cd9ed)] -> xpath: //div[@class='header-menu']//ul/child::*], [[ChromeDriver: chrome on WINDOWS (adf5a42d5e8ac1af6267a34c432cd9ed)] -> xpath: //div[@class='header-menu']//ul/child::*], [[ChromeDriver: chrome on WINDOWS (adf5a42d5e8ac1af6267a34c432cd9ed)] -> xpath: //div[@class='header-menu']//ul/child::*], [[ChromeDriver: chrome on WINDOWS (adf5a42d5e8ac1af6267a34c432cd9ed)] -> xpath: //div[@class='header-menu']//ul/child::*], [[ChromeDriver: chrome on WINDOWS (adf5a42d5e8ac1af6267a34c432cd9ed)] -> xpath: //div[@class='header-menu']//ul/child::*], [[ChromeDriver: chrome on WINDOWS (adf5a42d5e8ac1af6267a34c432cd9ed)] -> xpath: //div[@class='header-menu']//ul/child::*], [[ChromeDriver: chrome on WINDOWS (adf5a42d5e8ac1af6267a34c432cd9ed)] -> xpath: //div[@class='header-menu']//ul/child::*], [[ChromeDriver: chrome on WINDOWS (adf5a42d5e8ac1af6267a34c432cd9ed)] -> xpath: //div[@class='header-menu']//ul/child::*], [[ChromeDriver: chrome on WINDOWS (adf5a42d5e8ac1af6267a34c432cd9ed)] -> xpath: //div[@class='header-menu']//ul/child::*], [[ChromeDriver: chrome on WINDOWS (adf5a42d5e8ac1af6267a34c432cd9ed)] -> xpath: //div[@class='header-menu']//ul/child::*], [[ChromeDriver: chrome on WINDOWS (adf5a42d5e8ac1af6267a34c432cd9ed)] -> xpath: //div[@class='header-menu']//ul/child::*], [[ChromeDriver: chrome on WINDOWS (adf5a42d5e8ac1af6267a34c432cd9ed)] -> xpath: //div[@class='header-menu']//ul/child::*], [[ChromeDriver: chrome on WINDOWS (adf5a42d5e8ac1af6267a34c432cd9ed)] -> xpath: //div[@class='header-menu']//ul/child::*], [[ChromeDriver: chrome on WINDOWS (adf5a42d5e8ac1af6267a34c432cd9ed)] -> xpath: //div[@class='header-menu']//ul/child::*], [[ChromeDriver: chrome on WINDOWS (adf5a42d5e8ac1af6267a34c432cd9ed)] -> xpath: //div[@class='header-menu']//ul/child::*], [[ChromeDriver: chrome on WINDOWS (adf5a42d5e8ac1af6267a34c432cd9ed)] -> xpath: //div[@class='header-menu']//ul/child::*], [[ChromeDriver: chrome on WINDOWS (adf5a42d5e8ac1af6267a34c432cd9ed)] -> xpath: //div[@class='header-menu']//ul/child::*], [[ChromeDriver: chrome on WINDOWS (adf5a42d5e8ac1af6267a34c432cd9ed)] -> xpath: //div[@class='header-menu']//ul/child::*], [[ChromeDriver: chrome on WINDOWS (adf5a42d5e8ac1af6267a34c432cd9ed)] -> xpath: //div[@class='header-menu']//ul/child::*], [[ChromeDriver: chrome on WINDOWS (adf5a42d5e8ac1af6267a34c432cd9ed)] -> xpath: //div[@class='header-menu']//ul/child::*], [[ChromeDriver: chrome on WINDOWS (adf5a42d5e8ac1af6267a34c432cd9ed)] -> xpath: //div[@class='header-menu']//ul/child::*], [[ChromeDriver: chrome on WINDOWS (adf5a42d5e8ac1af6267a34c432cd9ed)] -> xpath: //div[@class='header-menu']//ul/child::*], [[ChromeDriver: chrome on WINDOWS (adf5a42d5e8ac1af6267a34c432cd9ed)] -> xpath: //div[@class='header-menu']//ul/child::*], [[ChromeDriver: chrome on WINDOWS (adf5a42d5e8ac1af6267a34c432cd9ed)] -> xpath: //div[@class='header-menu']//ul/child::*], [[ChromeDriver: chrome on WINDOWS (adf5a42d5e8ac1af6267a34c432cd9ed)] -> xpath: //div[@class='header-menu']//ul/child::*], [[ChromeDriver: chrome on WINDOWS (adf5a42d5e8ac1af6267a34c432cd9ed)] -> xpath: //div[@class='header-menu']//ul/child::*]]
The page title are [[ChromeDriver: chrome on WINDOWS (adf5a42d5e8ac1af6267a34c432cd9ed)] -> xpath: //div[@class='page-title']]
Click on List view[[ChromeDriver: chrome on WINDOWS (adf5a42d5e8ac1af6267a34c432cd9ed)] -> xpath: //a[contains(text(),'List')]]
Click on Nokia Lumia[[ChromeDriver: chrome on WINDOWS (adf5a42d5e8ac1af6267a34c432cd9ed)] -> xpath: //a[contains(text(),'Nokia Lumia 1020')]]
The product [[ChromeDriver: chrome on WINDOWS (adf5a42d5e8ac1af6267a34c432cd9ed)] -> xpath: //div[@class='product-name']/h1]
The price is [[ChromeDriver: chrome on WINDOWS (adf5a42d5e8ac1af6267a34c432cd9ed)] -> xpath: //div[@class='product-price']]
Click quantity field [[ChromeDriver: chrome on WINDOWS (adf5a42d5e8ac1af6267a34c432cd9ed)] -> id: product_enteredQuantity_20]
Click on add card button [[ChromeDriver: chrome on WINDOWS (adf5a42d5e8ac1af6267a34c432cd9ed)] -> xpath: //button[@class='button-1 add-to-cart-button']]
The Message after Adding to cart is [[ChromeDriver: chrome on WINDOWS (adf5a42d5e8ac1af6267a34c432cd9ed)] -> xpath: //body/div[@id='bar-notification']/div[1]/p[1]]
Click on close Button on Message [[ChromeDriver: chrome on WINDOWS (adf5a42d5e8ac1af6267a34c432cd9ed)] -> xpath: //div[@id='bar-notification']/div[1]/span[1]]
Click on Shopping cart link [[ChromeDriver: chrome on WINDOWS (adf5a42d5e8ac1af6267a34c432cd9ed)] -> xpath: //span[contains(text(),'Shopping cart')]]
Click on Go to Cart [[ChromeDriver: chrome on WINDOWS (adf5a42d5e8ac1af6267a34c432cd9ed)] -> xpath: //button[contains(text(),'Go to cart')]]
The shopping cart text [[ChromeDriver: chrome on WINDOWS (adf5a42d5e8ac1af6267a34c432cd9ed)] -> xpath: //div[@class='page-title']]
Quantity is [[ChromeDriver: chrome on WINDOWS (adf5a42d5e8ac1af6267a34c432cd9ed)] -> xpath: //td[@class='quantity']/input]
The total price is [[ChromeDriver: chrome on WINDOWS (adf5a42d5e8ac1af6267a34c432cd9ed)] -> xpath: //span[@class='value-summary'][1]/strong]
Click on erm and conditions box[[ChromeDriver: chrome on WINDOWS (adf5a42d5e8ac1af6267a34c432cd9ed)] -> id: termsofservice]
Click on checkout button [[ChromeDriver: chrome on WINDOWS (adf5a42d5e8ac1af6267a34c432cd9ed)] -> name: checkout]
The Welcome text [[ChromeDriver: chrome on WINDOWS (adf5a42d5e8ac1af6267a34c432cd9ed)] -> xpath: //h1[contains(text(),'Welcome, Please Sign In!')]]
Click on Register Button [[ChromeDriver: chrome on WINDOWS (adf5a42d5e8ac1af6267a34c432cd9ed)] -> xpath: //button[@class='button-1 register-button']]
The Register Page text [[ChromeDriver: chrome on WINDOWS (adf5a42d5e8ac1af6267a34c432cd9ed)] -> xpath: //h1[contains(text(),'Register')]]
Select Gender 
Enter user first name Jhonny to firstname field [[ChromeDriver: chrome on WINDOWS (adf5a42d5e8ac1af6267a34c432cd9ed)] -> id: FirstName]
Enter user last name Bravo to lastname field [[ChromeDriver: chrome on WINDOWS (adf5a42d5e8ac1af6267a34c432cd9ed)] -> id: LastName]
Select Day of Birth [[ChromeDriver: chrome on WINDOWS (adf5a42d5e8ac1af6267a34c432cd9ed)] -> xpath: //select[@name='DateOfBirthDay']]
Select Month of Birth [[ChromeDriver: chrome on WINDOWS (adf5a42d5e8ac1af6267a34c432cd9ed)] -> xpath: //select[@name='DateOfBirthMonth']]
Select Month of Birth [[ChromeDriver: chrome on WINDOWS (adf5a42d5e8ac1af6267a34c432cd9ed)] -> xpath: //select[@name='DateOfBirthYear']]
Enter user email jhonny to Email field [[ChromeDriver: chrome on WINDOWS (adf5a42d5e8ac1af6267a34c432cd9ed)] -> id: Email]
Enter Password bravo123 to password field [[ChromeDriver: chrome on WINDOWS (adf5a42d5e8ac1af6267a34c432cd9ed)] -> id: Password]
Enter Password again bravo123 to Confirm Password field [[ChromeDriver: chrome on WINDOWS (adf5a42d5e8ac1af6267a34c432cd9ed)] -> id: ConfirmPassword]
Click On Register [[ChromeDriver: chrome on WINDOWS (adf5a42d5e8ac1af6267a34c432cd9ed)] -> xpath: //button[@id='register-button']]
The Registration successful text [[ChromeDriver: chrome on WINDOWS (adf5a42d5e8ac1af6267a34c432cd9ed)] -> xpath: //div[contains(text(),'Your registration completed')]]
Click on Continue Button After Registration is Successful [[ChromeDriver: chrome on WINDOWS (adf5a42d5e8ac1af6267a34c432cd9ed)] -> xpath: //a[contains(text(),'Continue')]]
The shopping cart text [[ChromeDriver: chrome on WINDOWS (adf5a42d5e8ac1af6267a34c432cd9ed)] -> xpath: //div[@class='page-title']]
Click on erm and conditions box[[ChromeDriver: chrome on WINDOWS (adf5a42d5e8ac1af6267a34c432cd9ed)] -> id: termsofservice]
Click on checkout button [[ChromeDriver: chrome on WINDOWS (adf5a42d5e8ac1af6267a34c432cd9ed)] -> name: checkout]
Select a country[[ChromeDriver: chrome on WINDOWS (adf5a42d5e8ac1af6267a34c432cd9ed)] -> xpath: //select[@id='BillingNewAddress_CountryId']]
Enter city name Bolton to City field [[ChromeDriver: chrome on WINDOWS (adf5a42d5e8ac1af6267a34c432cd9ed)] -> name: BillingNewAddress.City]
Enter Address 1 London Road to Address field [[ChromeDriver: chrome on WINDOWS (adf5a42d5e8ac1af6267a34c432cd9ed)] -> id: BillingNewAddress_Address1]
Enter postcode BB1 BB2 to Postcode field [[ChromeDriver: chrome on WINDOWS (adf5a42d5e8ac1af6267a34c432cd9ed)] -> id: BillingNewAddress_ZipPostalCode]
Enter telephone number 087654676634 to Telephone Number field [[ChromeDriver: chrome on WINDOWS (adf5a42d5e8ac1af6267a34c432cd9ed)] -> id: BillingNewAddress_PhoneNumber]
Clicking on continue Button [[ChromeDriver: chrome on WINDOWS (adf5a42d5e8ac1af6267a34c432cd9ed)] -> name: save]
Click on Second Day Air Delivery Button [[ChromeDriver: chrome on WINDOWS (adf5a42d5e8ac1af6267a34c432cd9ed)] -> id: shippingoption_2]
Click on continue Button on delivery section [[ChromeDriver: chrome on WINDOWS (adf5a42d5e8ac1af6267a34c432cd9ed)] -> xpath: //button[@class ='button-1 shipping-method-next-step-button']]
Clicking on Credit Card Payment Button [[ChromeDriver: chrome on WINDOWS (adf5a42d5e8ac1af6267a34c432cd9ed)] -> id: paymentmethod_1]
Click on continue Button on payment method [[ChromeDriver: chrome on WINDOWS (adf5a42d5e8ac1af6267a34c432cd9ed)] -> xpath: //button[@class='button-1 payment-method-next-step-button']]
Select Credit [[ChromeDriver: chrome on WINDOWS (adf5a42d5e8ac1af6267a34c432cd9ed)] -> id: CreditCardType]
Enter cardholder name JHonny to Cardholder Name field [[ChromeDriver: chrome on WINDOWS (adf5a42d5e8ac1af6267a34c432cd9ed)] -> xpath: //input[@id='CardholderName']]
Enter card number 5555555555554444 to Telephone Number field [[ChromeDriver: chrome on WINDOWS (adf5a42d5e8ac1af6267a34c432cd9ed)] -> xpath: //input[@id='CardholderName']]
Enter expiry month 5 to Telephone Number field [[ChromeDriver: chrome on WINDOWS (adf5a42d5e8ac1af6267a34c432cd9ed)] -> xpath: //select[@id='ExpireMonth']]
Enter expiry year 2024 to Telephone Number field [[ChromeDriver: chrome on WINDOWS (adf5a42d5e8ac1af6267a34c432cd9ed)] -> xpath: //select[@id='ExpireYear']]
Enter card code number 123 to Telephone Number field [[ChromeDriver: chrome on WINDOWS (adf5a42d5e8ac1af6267a34c432cd9ed)] -> xpath: //input[@id='CardCode']]
Click on continue Button on card section [[ChromeDriver: chrome on WINDOWS (adf5a42d5e8ac1af6267a34c432cd9ed)] -> xpath: //button[@class='button-1 payment-info-next-step-button']]
The payment method text [[ChromeDriver: chrome on WINDOWS (adf5a42d5e8ac1af6267a34c432cd9ed)] -> xpath: //li[@class='payment-method']]
The delivery method text [[ChromeDriver: chrome on WINDOWS (adf5a42d5e8ac1af6267a34c432cd9ed)] -> xpath: //li[@class='shipping-method']]
The total price text [[ChromeDriver: chrome on WINDOWS (adf5a42d5e8ac1af6267a34c432cd9ed)] -> xpath: //tr[@class='order-total']/td[2]]
Click on confirm Button [[ChromeDriver: chrome on WINDOWS (adf5a42d5e8ac1af6267a34c432cd9ed)] -> xpath: //button[@class='button-1 confirm-order-next-step-button']]
The thank you text [[ChromeDriver: chrome on WINDOWS (adf5a42d5e8ac1af6267a34c432cd9ed)] -> xpath: //h1[contains(text(),'Thank you')]]
The order process Successful text [[ChromeDriver: chrome on WINDOWS (adf5a42d5e8ac1af6267a34c432cd9ed)] -> xpath: //strong[contains(text(),'Your order has been successfully processed!')]]
Click on continue Button after thank you [[ChromeDriver: chrome on WINDOWS (adf5a42d5e8ac1af6267a34c432cd9ed)] -> xpath: //button[@class='button-1 order-completed-continue-button']]
The welcome text [[ChromeDriver: chrome on WINDOWS (adf5a42d5e8ac1af6267a34c432cd9ed)] -> xpath: //h2[contains(text(),'Welcome to our store')]]
Click on logout link [[ChromeDriver: chrome on WINDOWS (adf5a42d5e8ac1af6267a34c432cd9ed)] -> xpath: //a[contains(text(),'Log out')]]
The url is 
Click to see screenshot
<a target = "_blank" href=C:\Users\nik_7\IdeaProjects\project1-nopcommerece-pagefactory-nauman/test-output/html/verifyThatTheProductAddedSuccessfullyAndPlaceOrderSuccessfullyTue_Dec_13_22_19_24_GMT_2022.jpg>Screenshot</a>
<br>
<br>
<a target = "_blank" href=C:\Users\nik_7\IdeaProjects\project1-nopcommerece-pagefactory-nauman/test-output/html/verifyThatTheProductAddedSuccessfullyAndPlaceOrderSuccessfullyTue_Dec_13_22_19_24_GMT_2022.jpg><img src=C:\Users\nik_7\IdeaProjects\project1-nopcommerece-pagefactory-nauman/test-output/html/verifyThatTheProductAddedSuccessfullyAndPlaceOrderSuccessfullyTue_Dec_13_22_19_24_GMT_2022.jpg height=200 width=200></img></a>]]>
  </system-out>
  <testcase name="verifyUserShouldNavigateToCellPhonesPageSuccessfully" time="3.481" classname="com.nopcommerce.demo.testsuite.ElectronicTest"/>
  <system-out>
    <![CDATA[The menu options are[[[ChromeDriver: chrome on WINDOWS (b9808e9007c7bf029924b0789c3ead6a)] -> xpath: //div[@class='header-menu']//ul/child::*], [[ChromeDriver: chrome on WINDOWS (b9808e9007c7bf029924b0789c3ead6a)] -> xpath: //div[@class='header-menu']//ul/child::*], [[ChromeDriver: chrome on WINDOWS (b9808e9007c7bf029924b0789c3ead6a)] -> xpath: //div[@class='header-menu']//ul/child::*], [[ChromeDriver: chrome on WINDOWS (b9808e9007c7bf029924b0789c3ead6a)] -> xpath: //div[@class='header-menu']//ul/child::*], [[ChromeDriver: chrome on WINDOWS (b9808e9007c7bf029924b0789c3ead6a)] -> xpath: //div[@class='header-menu']//ul/child::*], [[ChromeDriver: chrome on WINDOWS (b9808e9007c7bf029924b0789c3ead6a)] -> xpath: //div[@class='header-menu']//ul/child::*], [[ChromeDriver: chrome on WINDOWS (b9808e9007c7bf029924b0789c3ead6a)] -> xpath: //div[@class='header-menu']//ul/child::*], [[ChromeDriver: chrome on WINDOWS (b9808e9007c7bf029924b0789c3ead6a)] -> xpath: //div[@class='header-menu']//ul/child::*], [[ChromeDriver: chrome on WINDOWS (b9808e9007c7bf029924b0789c3ead6a)] -> xpath: //div[@class='header-menu']//ul/child::*], [[ChromeDriver: chrome on WINDOWS (b9808e9007c7bf029924b0789c3ead6a)] -> xpath: //div[@class='header-menu']//ul/child::*], [[ChromeDriver: chrome on WINDOWS (b9808e9007c7bf029924b0789c3ead6a)] -> xpath: //div[@class='header-menu']//ul/child::*], [[ChromeDriver: chrome on WINDOWS (b9808e9007c7bf029924b0789c3ead6a)] -> xpath: //div[@class='header-menu']//ul/child::*], [[ChromeDriver: chrome on WINDOWS (b9808e9007c7bf029924b0789c3ead6a)] -> xpath: //div[@class='header-menu']//ul/child::*], [[ChromeDriver: chrome on WINDOWS (b9808e9007c7bf029924b0789c3ead6a)] -> xpath: //div[@class='header-menu']//ul/child::*], [[ChromeDriver: chrome on WINDOWS (b9808e9007c7bf029924b0789c3ead6a)] -> xpath: //div[@class='header-menu']//ul/child::*], [[ChromeDriver: chrome on WINDOWS (b9808e9007c7bf029924b0789c3ead6a)] -> xpath: //div[@class='header-menu']//ul/child::*], [[ChromeDriver: chrome on WINDOWS (b9808e9007c7bf029924b0789c3ead6a)] -> xpath: //div[@class='header-menu']//ul/child::*], [[ChromeDriver: chrome on WINDOWS (b9808e9007c7bf029924b0789c3ead6a)] -> xpath: //div[@class='header-menu']//ul/child::*], [[ChromeDriver: chrome on WINDOWS (b9808e9007c7bf029924b0789c3ead6a)] -> xpath: //div[@class='header-menu']//ul/child::*], [[ChromeDriver: chrome on WINDOWS (b9808e9007c7bf029924b0789c3ead6a)] -> xpath: //div[@class='header-menu']//ul/child::*], [[ChromeDriver: chrome on WINDOWS (b9808e9007c7bf029924b0789c3ead6a)] -> xpath: //div[@class='header-menu']//ul/child::*], [[ChromeDriver: chrome on WINDOWS (b9808e9007c7bf029924b0789c3ead6a)] -> xpath: //div[@class='header-menu']//ul/child::*], [[ChromeDriver: chrome on WINDOWS (b9808e9007c7bf029924b0789c3ead6a)] -> xpath: //div[@class='header-menu']//ul/child::*], [[ChromeDriver: chrome on WINDOWS (b9808e9007c7bf029924b0789c3ead6a)] -> xpath: //div[@class='header-menu']//ul/child::*], [[ChromeDriver: chrome on WINDOWS (b9808e9007c7bf029924b0789c3ead6a)] -> xpath: //div[@class='header-menu']//ul/child::*], [[ChromeDriver: chrome on WINDOWS (b9808e9007c7bf029924b0789c3ead6a)] -> xpath: //div[@class='header-menu']//ul/child::*], [[ChromeDriver: chrome on WINDOWS (b9808e9007c7bf029924b0789c3ead6a)] -> xpath: //div[@class='header-menu']//ul/child::*], [[ChromeDriver: chrome on WINDOWS (b9808e9007c7bf029924b0789c3ead6a)] -> xpath: //div[@class='header-menu']//ul/child::*], [[ChromeDriver: chrome on WINDOWS (b9808e9007c7bf029924b0789c3ead6a)] -> xpath: //div[@class='header-menu']//ul/child::*], [[ChromeDriver: chrome on WINDOWS (b9808e9007c7bf029924b0789c3ead6a)] -> xpath: //div[@class='header-menu']//ul/child::*], [[ChromeDriver: chrome on WINDOWS (b9808e9007c7bf029924b0789c3ead6a)] -> xpath: //div[@class='header-menu']//ul/child::*], [[ChromeDriver: chrome on WINDOWS (b9808e9007c7bf029924b0789c3ead6a)] -> xpath: //div[@class='header-menu']//ul/child::*]]
The menu options are [[[ChromeDriver: chrome on WINDOWS (b9808e9007c7bf029924b0789c3ead6a)] -> xpath: //div[@class='header-menu']//ul/child::*], [[ChromeDriver: chrome on WINDOWS (b9808e9007c7bf029924b0789c3ead6a)] -> xpath: //div[@class='header-menu']//ul/child::*], [[ChromeDriver: chrome on WINDOWS (b9808e9007c7bf029924b0789c3ead6a)] -> xpath: //div[@class='header-menu']//ul/child::*], [[ChromeDriver: chrome on WINDOWS (b9808e9007c7bf029924b0789c3ead6a)] -> xpath: //div[@class='header-menu']//ul/child::*], [[ChromeDriver: chrome on WINDOWS (b9808e9007c7bf029924b0789c3ead6a)] -> xpath: //div[@class='header-menu']//ul/child::*], [[ChromeDriver: chrome on WINDOWS (b9808e9007c7bf029924b0789c3ead6a)] -> xpath: //div[@class='header-menu']//ul/child::*], [[ChromeDriver: chrome on WINDOWS (b9808e9007c7bf029924b0789c3ead6a)] -> xpath: //div[@class='header-menu']//ul/child::*], [[ChromeDriver: chrome on WINDOWS (b9808e9007c7bf029924b0789c3ead6a)] -> xpath: //div[@class='header-menu']//ul/child::*], [[ChromeDriver: chrome on WINDOWS (b9808e9007c7bf029924b0789c3ead6a)] -> xpath: //div[@class='header-menu']//ul/child::*], [[ChromeDriver: chrome on WINDOWS (b9808e9007c7bf029924b0789c3ead6a)] -> xpath: //div[@class='header-menu']//ul/child::*], [[ChromeDriver: chrome on WINDOWS (b9808e9007c7bf029924b0789c3ead6a)] -> xpath: //div[@class='header-menu']//ul/child::*], [[ChromeDriver: chrome on WINDOWS (b9808e9007c7bf029924b0789c3ead6a)] -> xpath: //div[@class='header-menu']//ul/child::*], [[ChromeDriver: chrome on WINDOWS (b9808e9007c7bf029924b0789c3ead6a)] -> xpath: //div[@class='header-menu']//ul/child::*], [[ChromeDriver: chrome on WINDOWS (b9808e9007c7bf029924b0789c3ead6a)] -> xpath: //div[@class='header-menu']//ul/child::*], [[ChromeDriver: chrome on WINDOWS (b9808e9007c7bf029924b0789c3ead6a)] -> xpath: //div[@class='header-menu']//ul/child::*], [[ChromeDriver: chrome on WINDOWS (b9808e9007c7bf029924b0789c3ead6a)] -> xpath: //div[@class='header-menu']//ul/child::*], [[ChromeDriver: chrome on WINDOWS (b9808e9007c7bf029924b0789c3ead6a)] -> xpath: //div[@class='header-menu']//ul/child::*], [[ChromeDriver: chrome on WINDOWS (b9808e9007c7bf029924b0789c3ead6a)] -> xpath: //div[@class='header-menu']//ul/child::*], [[ChromeDriver: chrome on WINDOWS (b9808e9007c7bf029924b0789c3ead6a)] -> xpath: //div[@class='header-menu']//ul/child::*], [[ChromeDriver: chrome on WINDOWS (b9808e9007c7bf029924b0789c3ead6a)] -> xpath: //div[@class='header-menu']//ul/child::*], [[ChromeDriver: chrome on WINDOWS (b9808e9007c7bf029924b0789c3ead6a)] -> xpath: //div[@class='header-menu']//ul/child::*], [[ChromeDriver: chrome on WINDOWS (b9808e9007c7bf029924b0789c3ead6a)] -> xpath: //div[@class='header-menu']//ul/child::*], [[ChromeDriver: chrome on WINDOWS (b9808e9007c7bf029924b0789c3ead6a)] -> xpath: //div[@class='header-menu']//ul/child::*], [[ChromeDriver: chrome on WINDOWS (b9808e9007c7bf029924b0789c3ead6a)] -> xpath: //div[@class='header-menu']//ul/child::*], [[ChromeDriver: chrome on WINDOWS (b9808e9007c7bf029924b0789c3ead6a)] -> xpath: //div[@class='header-menu']//ul/child::*], [[ChromeDriver: chrome on WINDOWS (b9808e9007c7bf029924b0789c3ead6a)] -> xpath: //div[@class='header-menu']//ul/child::*], [[ChromeDriver: chrome on WINDOWS (b9808e9007c7bf029924b0789c3ead6a)] -> xpath: //div[@class='header-menu']//ul/child::*], [[ChromeDriver: chrome on WINDOWS (b9808e9007c7bf029924b0789c3ead6a)] -> xpath: //div[@class='header-menu']//ul/child::*], [[ChromeDriver: chrome on WINDOWS (b9808e9007c7bf029924b0789c3ead6a)] -> xpath: //div[@class='header-menu']//ul/child::*], [[ChromeDriver: chrome on WINDOWS (b9808e9007c7bf029924b0789c3ead6a)] -> xpath: //div[@class='header-menu']//ul/child::*], [[ChromeDriver: chrome on WINDOWS (b9808e9007c7bf029924b0789c3ead6a)] -> xpath: //div[@class='header-menu']//ul/child::*], [[ChromeDriver: chrome on WINDOWS (b9808e9007c7bf029924b0789c3ead6a)] -> xpath: //div[@class='header-menu']//ul/child::*]]
The page title are [[ChromeDriver: chrome on WINDOWS (b9808e9007c7bf029924b0789c3ead6a)] -> xpath: //div[@class='page-title']]
Click to see screenshot
<a target = "_blank" href=C:\Users\nik_7\IdeaProjects\project1-nopcommerece-pagefactory-nauman/test-output/html/verifyUserShouldNavigateToCellPhonesPageSuccessfullyTue_Dec_13_22_19_28_GMT_2022.jpg>Screenshot</a>
<br>
<br>
<a target = "_blank" href=C:\Users\nik_7\IdeaProjects\project1-nopcommerece-pagefactory-nauman/test-output/html/verifyUserShouldNavigateToCellPhonesPageSuccessfullyTue_Dec_13_22_19_28_GMT_2022.jpg><img src=C:\Users\nik_7\IdeaProjects\project1-nopcommerece-pagefactory-nauman/test-output/html/verifyUserShouldNavigateToCellPhonesPageSuccessfullyTue_Dec_13_22_19_28_GMT_2022.jpg height=200 width=200></img></a>]]>
  </system-out>
</testsuite> <!-- com.nopcommerce.demo.testsuite.ElectronicTest -->
