<?xml version="1.0" encoding="UTF-8"?>
<!-- Generated by org.testng.reporters.JUnitReportReporter -->
<testsuite skipped="0" hostname="Naumans-PC" name="com.nopcommerce.demo.testsuite.ComputersTest" tests="2" failures="0" timestamp="2022-12-13T22:19:48 GMT" time="17.838" errors="0">
  <testcase name="verifyProductAddedToShoppingCartSuccessFully" time="14.365" classname="com.nopcommerce.demo.testsuite.ComputersTest"/>
  <system-out>
    <![CDATA[The menu options are [[[ChromeDriver: chrome on WINDOWS (48b97708ba680d7cbbfc60d1580d0d25)] -> xpath: //div[@class='header-menu']//ul/child::*], [[ChromeDriver: chrome on WINDOWS (48b97708ba680d7cbbfc60d1580d0d25)] -> xpath: //div[@class='header-menu']//ul/child::*], [[ChromeDriver: chrome on WINDOWS (48b97708ba680d7cbbfc60d1580d0d25)] -> xpath: //div[@class='header-menu']//ul/child::*], [[ChromeDriver: chrome on WINDOWS (48b97708ba680d7cbbfc60d1580d0d25)] -> xpath: //div[@class='header-menu']//ul/child::*], [[ChromeDriver: chrome on WINDOWS (48b97708ba680d7cbbfc60d1580d0d25)] -> xpath: //div[@class='header-menu']//ul/child::*], [[ChromeDriver: chrome on WINDOWS (48b97708ba680d7cbbfc60d1580d0d25)] -> xpath: //div[@class='header-menu']//ul/child::*], [[ChromeDriver: chrome on WINDOWS (48b97708ba680d7cbbfc60d1580d0d25)] -> xpath: //div[@class='header-menu']//ul/child::*], [[ChromeDriver: chrome on WINDOWS (48b97708ba680d7cbbfc60d1580d0d25)] -> xpath: //div[@class='header-menu']//ul/child::*], [[ChromeDriver: chrome on WINDOWS (48b97708ba680d7cbbfc60d1580d0d25)] -> xpath: //div[@class='header-menu']//ul/child::*], [[ChromeDriver: chrome on WINDOWS (48b97708ba680d7cbbfc60d1580d0d25)] -> xpath: //div[@class='header-menu']//ul/child::*], [[ChromeDriver: chrome on WINDOWS (48b97708ba680d7cbbfc60d1580d0d25)] -> xpath: //div[@class='header-menu']//ul/child::*], [[ChromeDriver: chrome on WINDOWS (48b97708ba680d7cbbfc60d1580d0d25)] -> xpath: //div[@class='header-menu']//ul/child::*], [[ChromeDriver: chrome on WINDOWS (48b97708ba680d7cbbfc60d1580d0d25)] -> xpath: //div[@class='header-menu']//ul/child::*], [[ChromeDriver: chrome on WINDOWS (48b97708ba680d7cbbfc60d1580d0d25)] -> xpath: //div[@class='header-menu']//ul/child::*], [[ChromeDriver: chrome on WINDOWS (48b97708ba680d7cbbfc60d1580d0d25)] -> xpath: //div[@class='header-menu']//ul/child::*], [[ChromeDriver: chrome on WINDOWS (48b97708ba680d7cbbfc60d1580d0d25)] -> xpath: //div[@class='header-menu']//ul/child::*], [[ChromeDriver: chrome on WINDOWS (48b97708ba680d7cbbfc60d1580d0d25)] -> xpath: //div[@class='header-menu']//ul/child::*], [[ChromeDriver: chrome on WINDOWS (48b97708ba680d7cbbfc60d1580d0d25)] -> xpath: //div[@class='header-menu']//ul/child::*], [[ChromeDriver: chrome on WINDOWS (48b97708ba680d7cbbfc60d1580d0d25)] -> xpath: //div[@class='header-menu']//ul/child::*], [[ChromeDriver: chrome on WINDOWS (48b97708ba680d7cbbfc60d1580d0d25)] -> xpath: //div[@class='header-menu']//ul/child::*], [[ChromeDriver: chrome on WINDOWS (48b97708ba680d7cbbfc60d1580d0d25)] -> xpath: //div[@class='header-menu']//ul/child::*], [[ChromeDriver: chrome on WINDOWS (48b97708ba680d7cbbfc60d1580d0d25)] -> xpath: //div[@class='header-menu']//ul/child::*], [[ChromeDriver: chrome on WINDOWS (48b97708ba680d7cbbfc60d1580d0d25)] -> xpath: //div[@class='header-menu']//ul/child::*], [[ChromeDriver: chrome on WINDOWS (48b97708ba680d7cbbfc60d1580d0d25)] -> xpath: //div[@class='header-menu']//ul/child::*], [[ChromeDriver: chrome on WINDOWS (48b97708ba680d7cbbfc60d1580d0d25)] -> xpath: //div[@class='header-menu']//ul/child::*], [[ChromeDriver: chrome on WINDOWS (48b97708ba680d7cbbfc60d1580d0d25)] -> xpath: //div[@class='header-menu']//ul/child::*], [[ChromeDriver: chrome on WINDOWS (48b97708ba680d7cbbfc60d1580d0d25)] -> xpath: //div[@class='header-menu']//ul/child::*], [[ChromeDriver: chrome on WINDOWS (48b97708ba680d7cbbfc60d1580d0d25)] -> xpath: //div[@class='header-menu']//ul/child::*], [[ChromeDriver: chrome on WINDOWS (48b97708ba680d7cbbfc60d1580d0d25)] -> xpath: //div[@class='header-menu']//ul/child::*], [[ChromeDriver: chrome on WINDOWS (48b97708ba680d7cbbfc60d1580d0d25)] -> xpath: //div[@class='header-menu']//ul/child::*], [[ChromeDriver: chrome on WINDOWS (48b97708ba680d7cbbfc60d1580d0d25)] -> xpath: //div[@class='header-menu']//ul/child::*], [[ChromeDriver: chrome on WINDOWS (48b97708ba680d7cbbfc60d1580d0d25)] -> xpath: //div[@class='header-menu']//ul/child::*]]
The Category List is [[[ChromeDriver: chrome on WINDOWS (48b97708ba680d7cbbfc60d1580d0d25)] -> xpath: //div[@class='item-grid']/child::*], [[ChromeDriver: chrome on WINDOWS (48b97708ba680d7cbbfc60d1580d0d25)] -> xpath: //div[@class='item-grid']/child::*], [[ChromeDriver: chrome on WINDOWS (48b97708ba680d7cbbfc60d1580d0d25)] -> xpath: //div[@class='item-grid']/child::*]]
Select Sort By[[ChromeDriver: chrome on WINDOWS (48b97708ba680d7cbbfc60d1580d0d25)] -> xpath: //select[@id='products-orderby']]
Product List[[[ChromeDriver: chrome on WINDOWS (48b97708ba680d7cbbfc60d1580d0d25)] -> xpath: //div[@class='item-grid']/div//h2], [[ChromeDriver: chrome on WINDOWS (48b97708ba680d7cbbfc60d1580d0d25)] -> xpath: //div[@class='item-grid']/div//h2], [[ChromeDriver: chrome on WINDOWS (48b97708ba680d7cbbfc60d1580d0d25)] -> xpath: //div[@class='item-grid']/div//h2]]
List of Products after sorting[[[ChromeDriver: chrome on WINDOWS (48b97708ba680d7cbbfc60d1580d0d25)] -> xpath: //div[@class='item-grid']/div//h2], [[ChromeDriver: chrome on WINDOWS (48b97708ba680d7cbbfc60d1580d0d25)] -> xpath: //div[@class='item-grid']/div//h2], [[ChromeDriver: chrome on WINDOWS (48b97708ba680d7cbbfc60d1580d0d25)] -> xpath: //div[@class='item-grid']/div//h2]]
Product List[[[ChromeDriver: chrome on WINDOWS (48b97708ba680d7cbbfc60d1580d0d25)] -> xpath: //div[@class='item-grid']/div//h2], [[ChromeDriver: chrome on WINDOWS (48b97708ba680d7cbbfc60d1580d0d25)] -> xpath: //div[@class='item-grid']/div//h2], [[ChromeDriver: chrome on WINDOWS (48b97708ba680d7cbbfc60d1580d0d25)] -> xpath: //div[@class='item-grid']/div//h2]]
Product List[[[ChromeDriver: chrome on WINDOWS (48b97708ba680d7cbbfc60d1580d0d25)] -> xpath: //div[@class='item-grid']/div//h2], [[ChromeDriver: chrome on WINDOWS (48b97708ba680d7cbbfc60d1580d0d25)] -> xpath: //div[@class='item-grid']/div//h2], [[ChromeDriver: chrome on WINDOWS (48b97708ba680d7cbbfc60d1580d0d25)] -> xpath: //div[@class='item-grid']/div//h2]]
Product List[[[ChromeDriver: chrome on WINDOWS (48b97708ba680d7cbbfc60d1580d0d25)] -> xpath: //div[@class='item-grid']/div//h2], [[ChromeDriver: chrome on WINDOWS (48b97708ba680d7cbbfc60d1580d0d25)] -> xpath: //div[@class='item-grid']/div//h2], [[ChromeDriver: chrome on WINDOWS (48b97708ba680d7cbbfc60d1580d0d25)] -> xpath: //div[@class='item-grid']/div//h2]]
List of Products[[[ChromeDriver: chrome on WINDOWS (48b97708ba680d7cbbfc60d1580d0d25)] -> xpath: //div[@class='product-grid']//child::*], [[ChromeDriver: chrome on WINDOWS (48b97708ba680d7cbbfc60d1580d0d25)] -> xpath: //div[@class='product-grid']//child::*], [[ChromeDriver: chrome on WINDOWS (48b97708ba680d7cbbfc60d1580d0d25)] -> xpath: //div[@class='product-grid']//child::*], [[ChromeDriver: chrome on WINDOWS (48b97708ba680d7cbbfc60d1580d0d25)] -> xpath: //div[@class='product-grid']//child::*], [[ChromeDriver: chrome on WINDOWS (48b97708ba680d7cbbfc60d1580d0d25)] -> xpath: //div[@class='product-grid']//child::*], [[ChromeDriver: chrome on WINDOWS (48b97708ba680d7cbbfc60d1580d0d25)] -> xpath: //div[@class='product-grid']//child::*], [[ChromeDriver: chrome on WINDOWS (48b97708ba680d7cbbfc60d1580d0d25)] -> xpath: //div[@class='product-grid']//child::*], [[ChromeDriver: chrome on WINDOWS (48b97708ba680d7cbbfc60d1580d0d25)] -> xpath: //div[@class='product-grid']//child::*], [[ChromeDriver: chrome on WINDOWS (48b97708ba680d7cbbfc60d1580d0d25)] -> xpath: //div[@class='product-grid']//child::*], [[ChromeDriver: chrome on WINDOWS (48b97708ba680d7cbbfc60d1580d0d25)] -> xpath: //div[@class='product-grid']//child::*], [[ChromeDriver: chrome on WINDOWS (48b97708ba680d7cbbfc60d1580d0d25)] -> xpath: //div[@class='product-grid']//child::*], [[ChromeDriver: chrome on WINDOWS (48b97708ba680d7cbbfc60d1580d0d25)] -> xpath: //div[@class='product-grid']//child::*], [[ChromeDriver: chrome on WINDOWS (48b97708ba680d7cbbfc60d1580d0d25)] -> xpath: //div[@class='product-grid']//child::*], [[ChromeDriver: chrome on WINDOWS (48b97708ba680d7cbbfc60d1580d0d25)] -> xpath: //div[@class='product-grid']//child::*], [[ChromeDriver: chrome on WINDOWS (48b97708ba680d7cbbfc60d1580d0d25)] -> xpath: //div[@class='product-grid']//child::*], [[ChromeDriver: chrome on WINDOWS (48b97708ba680d7cbbfc60d1580d0d25)] -> xpath: //div[@class='product-grid']//child::*], [[ChromeDriver: chrome on WINDOWS (48b97708ba680d7cbbfc60d1580d0d25)] -> xpath: //div[@class='product-grid']//child::*], [[ChromeDriver: chrome on WINDOWS (48b97708ba680d7cbbfc60d1580d0d25)] -> xpath: //div[@class='product-grid']//child::*], [[ChromeDriver: chrome on WINDOWS (48b97708ba680d7cbbfc60d1580d0d25)] -> xpath: //div[@class='product-grid']//child::*], [[ChromeDriver: chrome on WINDOWS (48b97708ba680d7cbbfc60d1580d0d25)] -> xpath: //div[@class='product-grid']//child::*], [[ChromeDriver: chrome on WINDOWS (48b97708ba680d7cbbfc60d1580d0d25)] -> xpath: //div[@class='product-grid']//child::*], [[ChromeDriver: chrome on WINDOWS (48b97708ba680d7cbbfc60d1580d0d25)] -> xpath: //div[@class='product-grid']//child::*], [[ChromeDriver: chrome on WINDOWS (48b97708ba680d7cbbfc60d1580d0d25)] -> xpath: //div[@class='product-grid']//child::*], [[ChromeDriver: chrome on WINDOWS (48b97708ba680d7cbbfc60d1580d0d25)] -> xpath: //div[@class='product-grid']//child::*], [[ChromeDriver: chrome on WINDOWS (48b97708ba680d7cbbfc60d1580d0d25)] -> xpath: //div[@class='product-grid']//child::*], [[ChromeDriver: chrome on WINDOWS (48b97708ba680d7cbbfc60d1580d0d25)] -> xpath: //div[@class='product-grid']//child::*], [[ChromeDriver: chrome on WINDOWS (48b97708ba680d7cbbfc60d1580d0d25)] -> xpath: //div[@class='product-grid']//child::*], [[ChromeDriver: chrome on WINDOWS (48b97708ba680d7cbbfc60d1580d0d25)] -> xpath: //div[@class='product-grid']//child::*], [[ChromeDriver: chrome on WINDOWS (48b97708ba680d7cbbfc60d1580d0d25)] -> xpath: //div[@class='product-grid']//child::*], [[ChromeDriver: chrome on WINDOWS (48b97708ba680d7cbbfc60d1580d0d25)] -> xpath: //div[@class='product-grid']//child::*], [[ChromeDriver: chrome on WINDOWS (48b97708ba680d7cbbfc60d1580d0d25)] -> xpath: //div[@class='product-grid']//child::*], [[ChromeDriver: chrome on WINDOWS (48b97708ba680d7cbbfc60d1580d0d25)] -> xpath: //div[@class='product-grid']//child::*], [[ChromeDriver: chrome on WINDOWS (48b97708ba680d7cbbfc60d1580d0d25)] -> xpath: //div[@class='product-grid']//child::*], [[ChromeDriver: chrome on WINDOWS (48b97708ba680d7cbbfc60d1580d0d25)] -> xpath: //div[@class='product-grid']//child::*], [[ChromeDriver: chrome on WINDOWS (48b97708ba680d7cbbfc60d1580d0d25)] -> xpath: //div[@class='product-grid']//child::*], [[ChromeDriver: chrome on WINDOWS (48b97708ba680d7cbbfc60d1580d0d25)] -> xpath: //div[@class='product-grid']//child::*], [[ChromeDriver: chrome on WINDOWS (48b97708ba680d7cbbfc60d1580d0d25)] -> xpath: //div[@class='product-grid']//child::*], [[ChromeDriver: chrome on WINDOWS (48b97708ba680d7cbbfc60d1580d0d25)] -> xpath: //div[@class='product-grid']//child::*], [[ChromeDriver: chrome on WINDOWS (48b97708ba680d7cbbfc60d1580d0d25)] -> xpath: //div[@class='product-grid']//child::*], [[ChromeDriver: chrome on WINDOWS (48b97708ba680d7cbbfc60d1580d0d25)] -> xpath: //div[@class='product-grid']//child::*], [[ChromeDriver: chrome on WINDOWS (48b97708ba680d7cbbfc60d1580d0d25)] -> xpath: //div[@class='product-grid']//child::*], [[ChromeDriver: chrome on WINDOWS (48b97708ba680d7cbbfc60d1580d0d25)] -> xpath: //div[@class='product-grid']//child::*], [[ChromeDriver: chrome on WINDOWS (48b97708ba680d7cbbfc60d1580d0d25)] -> xpath: //div[@class='product-grid']//child::*], [[ChromeDriver: chrome on WINDOWS (48b97708ba680d7cbbfc60d1580d0d25)] -> xpath: //div[@class='product-grid']//child::*], [[ChromeDriver: chrome on WINDOWS (48b97708ba680d7cbbfc60d1580d0d25)] -> xpath: //div[@class='product-grid']//child::*], [[ChromeDriver: chrome on WINDOWS (48b97708ba680d7cbbfc60d1580d0d25)] -> xpath: //div[@class='product-grid']//child::*], [[ChromeDriver: chrome on WINDOWS (48b97708ba680d7cbbfc60d1580d0d25)] -> xpath: //div[@class='product-grid']//child::*], [[ChromeDriver: chrome on WINDOWS (48b97708ba680d7cbbfc60d1580d0d25)] -> xpath: //div[@class='product-grid']//child::*], [[ChromeDriver: chrome on WINDOWS (48b97708ba680d7cbbfc60d1580d0d25)] -> xpath: //div[@class='product-grid']//child::*], [[ChromeDriver: chrome on WINDOWS (48b97708ba680d7cbbfc60d1580d0d25)] -> xpath: //div[@class='product-grid']//child::*], [[ChromeDriver: chrome on WINDOWS (48b97708ba680d7cbbfc60d1580d0d25)] -> xpath: //div[@class='product-grid']//child::*], [[ChromeDriver: chrome on WINDOWS (48b97708ba680d7cbbfc60d1580d0d25)] -> xpath: //div[@class='product-grid']//child::*], [[ChromeDriver: chrome on WINDOWS (48b97708ba680d7cbbfc60d1580d0d25)] -> xpath: //div[@class='product-grid']//child::*], [[ChromeDriver: chrome on WINDOWS (48b97708ba680d7cbbfc60d1580d0d25)] -> xpath: //div[@class='product-grid']//child::*], [[ChromeDriver: chrome on WINDOWS (48b97708ba680d7cbbfc60d1580d0d25)] -> xpath: //div[@class='product-grid']//child::*], [[ChromeDriver: chrome on WINDOWS (48b97708ba680d7cbbfc60d1580d0d25)] -> xpath: //div[@class='product-grid']//child::*], [[ChromeDriver: chrome on WINDOWS (48b97708ba680d7cbbfc60d1580d0d25)] -> xpath: //div[@class='product-grid']//child::*], [[ChromeDriver: chrome on WINDOWS (48b97708ba680d7cbbfc60d1580d0d25)] -> xpath: //div[@class='product-grid']//child::*]]
The product [[ChromeDriver: chrome on WINDOWS (48b97708ba680d7cbbfc60d1580d0d25)] -> xpath: //div[@class='product-name']/h1]
Select the processor [[ChromeDriver: chrome on WINDOWS (48b97708ba680d7cbbfc60d1580d0d25)] -> xpath: //select[@id='product_attribute_1']]
Select RAM [[ChromeDriver: chrome on WINDOWS (48b97708ba680d7cbbfc60d1580d0d25)] -> xpath: //select[@id='product_attribute_2']]
Select HDD [[ChromeDriver: chrome on WINDOWS (48b97708ba680d7cbbfc60d1580d0d25)] -> id: product_attribute_3_7]
Click on OS Premium [[ChromeDriver: chrome on WINDOWS (48b97708ba680d7cbbfc60d1580d0d25)] -> id: product_attribute_4_9]
Click on Total Commander [[ChromeDriver: chrome on WINDOWS (48b97708ba680d7cbbfc60d1580d0d25)] -> id: product_attribute_5_12]
The price is [[ChromeDriver: chrome on WINDOWS (48b97708ba680d7cbbfc60d1580d0d25)] -> xpath: //div[@class='product-price']]
Click on add card button [[ChromeDriver: chrome on WINDOWS (48b97708ba680d7cbbfc60d1580d0d25)] -> xpath: //button[@class='button-1 add-to-cart-button']]
The Message after Adding to cart is [[ChromeDriver: chrome on WINDOWS (48b97708ba680d7cbbfc60d1580d0d25)] -> xpath: //body/div[@id='bar-notification']/div[1]/p[1]]
Click on close Button on Message [[ChromeDriver: chrome on WINDOWS (48b97708ba680d7cbbfc60d1580d0d25)] -> xpath: //div[@id='bar-notification']/div[1]/span[1]]
Click on Shopping cart link [[ChromeDriver: chrome on WINDOWS (48b97708ba680d7cbbfc60d1580d0d25)] -> xpath: //span[contains(text(),'Shopping cart')]]
Click on Go to Cart [[ChromeDriver: chrome on WINDOWS (48b97708ba680d7cbbfc60d1580d0d25)] -> xpath: //button[contains(text(),'Go to cart')]]
The shopping cart text [[ChromeDriver: chrome on WINDOWS (48b97708ba680d7cbbfc60d1580d0d25)] -> xpath: //div[@class='page-title']]
Click on Update Cart Button [[ChromeDriver: chrome on WINDOWS (48b97708ba680d7cbbfc60d1580d0d25)] -> id: updatecart]
The total price is [[ChromeDriver: chrome on WINDOWS (48b97708ba680d7cbbfc60d1580d0d25)] -> xpath: //span[@class='value-summary'][1]/strong]
Click on erm and conditions box[[ChromeDriver: chrome on WINDOWS (48b97708ba680d7cbbfc60d1580d0d25)] -> id: termsofservice]
Click on checkout button [[ChromeDriver: chrome on WINDOWS (48b97708ba680d7cbbfc60d1580d0d25)] -> name: checkout]
The Welcome text [[ChromeDriver: chrome on WINDOWS (48b97708ba680d7cbbfc60d1580d0d25)] -> xpath: //h1[contains(text(),'Welcome, Please Sign In!')]]
Click on checkout Button in guest section [[ChromeDriver: chrome on WINDOWS (48b97708ba680d7cbbfc60d1580d0d25)] -> xpath: //button[@class='button-1 checkout-as-guest-button']]
Enter user first name Prime to firstname field [[ChromeDriver: chrome on WINDOWS (48b97708ba680d7cbbfc60d1580d0d25)] -> id: BillingNewAddress_FirstName]
Enter user last name Testing to lastname field [[ChromeDriver: chrome on WINDOWS (48b97708ba680d7cbbfc60d1580d0d25)] -> id: BillingNewAddress_LastName]
Enter user email prime to Email field [[ChromeDriver: chrome on WINDOWS (48b97708ba680d7cbbfc60d1580d0d25)] -> id: BillingNewAddress_Email]
Select a country[[ChromeDriver: chrome on WINDOWS (48b97708ba680d7cbbfc60d1580d0d25)] -> xpath: //select[@id='BillingNewAddress_CountryId']]
Enter city name London to City field [[ChromeDriver: chrome on WINDOWS (48b97708ba680d7cbbfc60d1580d0d25)] -> name: BillingNewAddress.City]
Enter Address 1 London Road to Address field [[ChromeDriver: chrome on WINDOWS (48b97708ba680d7cbbfc60d1580d0d25)] -> id: BillingNewAddress_Address1]
Enter postcode LL1 LL2 to Postcode field [[ChromeDriver: chrome on WINDOWS (48b97708ba680d7cbbfc60d1580d0d25)] -> id: BillingNewAddress_ZipPostalCode]
Enter telephone number 08765467654 to Telephone Number field [[ChromeDriver: chrome on WINDOWS (48b97708ba680d7cbbfc60d1580d0d25)] -> id: BillingNewAddress_PhoneNumber]
Clicking on continue Button [[ChromeDriver: chrome on WINDOWS (48b97708ba680d7cbbfc60d1580d0d25)] -> name: save]
Click on Next Day Air Delivery Button [[ChromeDriver: chrome on WINDOWS (48b97708ba680d7cbbfc60d1580d0d25)] -> id: shippingoption_1]
Click on continue Button on delivery section [[ChromeDriver: chrome on WINDOWS (48b97708ba680d7cbbfc60d1580d0d25)] -> xpath: //button[@class ='button-1 shipping-method-next-step-button']]
Clicking on Credit Card Payment Button [[ChromeDriver: chrome on WINDOWS (48b97708ba680d7cbbfc60d1580d0d25)] -> id: paymentmethod_1]
Click on continue Button on payment method [[ChromeDriver: chrome on WINDOWS (48b97708ba680d7cbbfc60d1580d0d25)] -> xpath: //button[@class='button-1 payment-method-next-step-button']]
Select Credit [[ChromeDriver: chrome on WINDOWS (48b97708ba680d7cbbfc60d1580d0d25)] -> id: CreditCardType]
Enter cardholder name Prime to Cardholder Name field [[ChromeDriver: chrome on WINDOWS (48b97708ba680d7cbbfc60d1580d0d25)] -> xpath: //input[@id='CardholderName']]
Enter card number 5555555555554444 to Telephone Number field [[ChromeDriver: chrome on WINDOWS (48b97708ba680d7cbbfc60d1580d0d25)] -> xpath: //input[@id='CardholderName']]
Enter expiry month 5 to Telephone Number field [[ChromeDriver: chrome on WINDOWS (48b97708ba680d7cbbfc60d1580d0d25)] -> xpath: //select[@id='ExpireMonth']]
Enter expiry year 2024 to Telephone Number field [[ChromeDriver: chrome on WINDOWS (48b97708ba680d7cbbfc60d1580d0d25)] -> xpath: //select[@id='ExpireYear']]
Enter card code number 123 to Telephone Number field [[ChromeDriver: chrome on WINDOWS (48b97708ba680d7cbbfc60d1580d0d25)] -> xpath: //input[@id='CardCode']]
Click on continue Button on card section [[ChromeDriver: chrome on WINDOWS (48b97708ba680d7cbbfc60d1580d0d25)] -> xpath: //button[@class='button-1 payment-info-next-step-button']]
The payment method text [[ChromeDriver: chrome on WINDOWS (48b97708ba680d7cbbfc60d1580d0d25)] -> xpath: //li[@class='payment-method']]
The delivery method text [[ChromeDriver: chrome on WINDOWS (48b97708ba680d7cbbfc60d1580d0d25)] -> xpath: //li[@class='shipping-method']]
The total price text [[ChromeDriver: chrome on WINDOWS (48b97708ba680d7cbbfc60d1580d0d25)] -> xpath: //tr[@class='order-total']/td[2]]
Click on confirm Button [[ChromeDriver: chrome on WINDOWS (48b97708ba680d7cbbfc60d1580d0d25)] -> xpath: //button[@class='button-1 confirm-order-next-step-button']]
The thank you text [[ChromeDriver: chrome on WINDOWS (48b97708ba680d7cbbfc60d1580d0d25)] -> xpath: //h1[contains(text(),'Thank you')]]
The order process Successful text [[ChromeDriver: chrome on WINDOWS (48b97708ba680d7cbbfc60d1580d0d25)] -> xpath: //strong[contains(text(),'Your order has been successfully processed!')]]
Click on continue Button after thank you [[ChromeDriver: chrome on WINDOWS (48b97708ba680d7cbbfc60d1580d0d25)] -> xpath: //button[@class='button-1 order-completed-continue-button']]
The welcome text [[ChromeDriver: chrome on WINDOWS (48b97708ba680d7cbbfc60d1580d0d25)] -> xpath: //h2[contains(text(),'Welcome to our store')]]
Click to see screenshot
<a target = "_blank" href=C:\Users\nik_7\IdeaProjects\project1-nopcommerece-pagefactory-nauman/test-output/html/verifyProductAddedToShoppingCartSuccessFullyTue_Dec_13_22_19_43_GMT_2022.jpg>Screenshot</a>
<br>
<br>
<a target = "_blank" href=C:\Users\nik_7\IdeaProjects\project1-nopcommerece-pagefactory-nauman/test-output/html/verifyProductAddedToShoppingCartSuccessFullyTue_Dec_13_22_19_43_GMT_2022.jpg><img src=C:\Users\nik_7\IdeaProjects\project1-nopcommerece-pagefactory-nauman/test-output/html/verifyProductAddedToShoppingCartSuccessFullyTue_Dec_13_22_19_43_GMT_2022.jpg height=200 width=200></img></a>]]>
  </system-out>
  <testcase name="verifyProductArrangeInAlphabeticalOrder" time="3.473" classname="com.nopcommerce.demo.testsuite.ComputersTest"/>
  <system-out>
    <![CDATA[The menu options are [[[ChromeDriver: chrome on WINDOWS (cd9cbe977b01cec3e3cba200f1e7bce9)] -> xpath: //div[@class='header-menu']//ul/child::*], [[ChromeDriver: chrome on WINDOWS (cd9cbe977b01cec3e3cba200f1e7bce9)] -> xpath: //div[@class='header-menu']//ul/child::*], [[ChromeDriver: chrome on WINDOWS (cd9cbe977b01cec3e3cba200f1e7bce9)] -> xpath: //div[@class='header-menu']//ul/child::*], [[ChromeDriver: chrome on WINDOWS (cd9cbe977b01cec3e3cba200f1e7bce9)] -> xpath: //div[@class='header-menu']//ul/child::*], [[ChromeDriver: chrome on WINDOWS (cd9cbe977b01cec3e3cba200f1e7bce9)] -> xpath: //div[@class='header-menu']//ul/child::*], [[ChromeDriver: chrome on WINDOWS (cd9cbe977b01cec3e3cba200f1e7bce9)] -> xpath: //div[@class='header-menu']//ul/child::*], [[ChromeDriver: chrome on WINDOWS (cd9cbe977b01cec3e3cba200f1e7bce9)] -> xpath: //div[@class='header-menu']//ul/child::*], [[ChromeDriver: chrome on WINDOWS (cd9cbe977b01cec3e3cba200f1e7bce9)] -> xpath: //div[@class='header-menu']//ul/child::*], [[ChromeDriver: chrome on WINDOWS (cd9cbe977b01cec3e3cba200f1e7bce9)] -> xpath: //div[@class='header-menu']//ul/child::*], [[ChromeDriver: chrome on WINDOWS (cd9cbe977b01cec3e3cba200f1e7bce9)] -> xpath: //div[@class='header-menu']//ul/child::*], [[ChromeDriver: chrome on WINDOWS (cd9cbe977b01cec3e3cba200f1e7bce9)] -> xpath: //div[@class='header-menu']//ul/child::*], [[ChromeDriver: chrome on WINDOWS (cd9cbe977b01cec3e3cba200f1e7bce9)] -> xpath: //div[@class='header-menu']//ul/child::*], [[ChromeDriver: chrome on WINDOWS (cd9cbe977b01cec3e3cba200f1e7bce9)] -> xpath: //div[@class='header-menu']//ul/child::*], [[ChromeDriver: chrome on WINDOWS (cd9cbe977b01cec3e3cba200f1e7bce9)] -> xpath: //div[@class='header-menu']//ul/child::*], [[ChromeDriver: chrome on WINDOWS (cd9cbe977b01cec3e3cba200f1e7bce9)] -> xpath: //div[@class='header-menu']//ul/child::*], [[ChromeDriver: chrome on WINDOWS (cd9cbe977b01cec3e3cba200f1e7bce9)] -> xpath: //div[@class='header-menu']//ul/child::*], [[ChromeDriver: chrome on WINDOWS (cd9cbe977b01cec3e3cba200f1e7bce9)] -> xpath: //div[@class='header-menu']//ul/child::*], [[ChromeDriver: chrome on WINDOWS (cd9cbe977b01cec3e3cba200f1e7bce9)] -> xpath: //div[@class='header-menu']//ul/child::*], [[ChromeDriver: chrome on WINDOWS (cd9cbe977b01cec3e3cba200f1e7bce9)] -> xpath: //div[@class='header-menu']//ul/child::*], [[ChromeDriver: chrome on WINDOWS (cd9cbe977b01cec3e3cba200f1e7bce9)] -> xpath: //div[@class='header-menu']//ul/child::*], [[ChromeDriver: chrome on WINDOWS (cd9cbe977b01cec3e3cba200f1e7bce9)] -> xpath: //div[@class='header-menu']//ul/child::*], [[ChromeDriver: chrome on WINDOWS (cd9cbe977b01cec3e3cba200f1e7bce9)] -> xpath: //div[@class='header-menu']//ul/child::*], [[ChromeDriver: chrome on WINDOWS (cd9cbe977b01cec3e3cba200f1e7bce9)] -> xpath: //div[@class='header-menu']//ul/child::*], [[ChromeDriver: chrome on WINDOWS (cd9cbe977b01cec3e3cba200f1e7bce9)] -> xpath: //div[@class='header-menu']//ul/child::*], [[ChromeDriver: chrome on WINDOWS (cd9cbe977b01cec3e3cba200f1e7bce9)] -> xpath: //div[@class='header-menu']//ul/child::*], [[ChromeDriver: chrome on WINDOWS (cd9cbe977b01cec3e3cba200f1e7bce9)] -> xpath: //div[@class='header-menu']//ul/child::*], [[ChromeDriver: chrome on WINDOWS (cd9cbe977b01cec3e3cba200f1e7bce9)] -> xpath: //div[@class='header-menu']//ul/child::*], [[ChromeDriver: chrome on WINDOWS (cd9cbe977b01cec3e3cba200f1e7bce9)] -> xpath: //div[@class='header-menu']//ul/child::*], [[ChromeDriver: chrome on WINDOWS (cd9cbe977b01cec3e3cba200f1e7bce9)] -> xpath: //div[@class='header-menu']//ul/child::*], [[ChromeDriver: chrome on WINDOWS (cd9cbe977b01cec3e3cba200f1e7bce9)] -> xpath: //div[@class='header-menu']//ul/child::*], [[ChromeDriver: chrome on WINDOWS (cd9cbe977b01cec3e3cba200f1e7bce9)] -> xpath: //div[@class='header-menu']//ul/child::*], [[ChromeDriver: chrome on WINDOWS (cd9cbe977b01cec3e3cba200f1e7bce9)] -> xpath: //div[@class='header-menu']//ul/child::*]]
The Category List is [[[ChromeDriver: chrome on WINDOWS (cd9cbe977b01cec3e3cba200f1e7bce9)] -> xpath: //div[@class='item-grid']/child::*], [[ChromeDriver: chrome on WINDOWS (cd9cbe977b01cec3e3cba200f1e7bce9)] -> xpath: //div[@class='item-grid']/child::*], [[ChromeDriver: chrome on WINDOWS (cd9cbe977b01cec3e3cba200f1e7bce9)] -> xpath: //div[@class='item-grid']/child::*]]
Select Sort By[[ChromeDriver: chrome on WINDOWS (cd9cbe977b01cec3e3cba200f1e7bce9)] -> xpath: //select[@id='products-orderby']]
Product List[[[ChromeDriver: chrome on WINDOWS (cd9cbe977b01cec3e3cba200f1e7bce9)] -> xpath: //div[@class='item-grid']/div//h2], [[ChromeDriver: chrome on WINDOWS (cd9cbe977b01cec3e3cba200f1e7bce9)] -> xpath: //div[@class='item-grid']/div//h2], [[ChromeDriver: chrome on WINDOWS (cd9cbe977b01cec3e3cba200f1e7bce9)] -> xpath: //div[@class='item-grid']/div//h2]]
List of Products after sorting[[[ChromeDriver: chrome on WINDOWS (cd9cbe977b01cec3e3cba200f1e7bce9)] -> xpath: //div[@class='item-grid']/div//h2], [[ChromeDriver: chrome on WINDOWS (cd9cbe977b01cec3e3cba200f1e7bce9)] -> xpath: //div[@class='item-grid']/div//h2], [[ChromeDriver: chrome on WINDOWS (cd9cbe977b01cec3e3cba200f1e7bce9)] -> xpath: //div[@class='item-grid']/div//h2]]
Product List[[[ChromeDriver: chrome on WINDOWS (cd9cbe977b01cec3e3cba200f1e7bce9)] -> xpath: //div[@class='item-grid']/div//h2], [[ChromeDriver: chrome on WINDOWS (cd9cbe977b01cec3e3cba200f1e7bce9)] -> xpath: //div[@class='item-grid']/div//h2], [[ChromeDriver: chrome on WINDOWS (cd9cbe977b01cec3e3cba200f1e7bce9)] -> xpath: //div[@class='item-grid']/div//h2]]
Product List[[[ChromeDriver: chrome on WINDOWS (cd9cbe977b01cec3e3cba200f1e7bce9)] -> xpath: //div[@class='item-grid']/div//h2], [[ChromeDriver: chrome on WINDOWS (cd9cbe977b01cec3e3cba200f1e7bce9)] -> xpath: //div[@class='item-grid']/div//h2], [[ChromeDriver: chrome on WINDOWS (cd9cbe977b01cec3e3cba200f1e7bce9)] -> xpath: //div[@class='item-grid']/div//h2]]
Product List[[[ChromeDriver: chrome on WINDOWS (cd9cbe977b01cec3e3cba200f1e7bce9)] -> xpath: //div[@class='item-grid']/div//h2], [[ChromeDriver: chrome on WINDOWS (cd9cbe977b01cec3e3cba200f1e7bce9)] -> xpath: //div[@class='item-grid']/div//h2], [[ChromeDriver: chrome on WINDOWS (cd9cbe977b01cec3e3cba200f1e7bce9)] -> xpath: //div[@class='item-grid']/div//h2]]
Click to see screenshot
<a target = "_blank" href=C:\Users\nik_7\IdeaProjects\project1-nopcommerece-pagefactory-nauman/test-output/html/verifyProductArrangeInAlphabeticalOrderTue_Dec_13_22_19_47_GMT_2022.jpg>Screenshot</a>
<br>
<br>
<a target = "_blank" href=C:\Users\nik_7\IdeaProjects\project1-nopcommerece-pagefactory-nauman/test-output/html/verifyProductArrangeInAlphabeticalOrderTue_Dec_13_22_19_47_GMT_2022.jpg><img src=C:\Users\nik_7\IdeaProjects\project1-nopcommerece-pagefactory-nauman/test-output/html/verifyProductArrangeInAlphabeticalOrderTue_Dec_13_22_19_47_GMT_2022.jpg height=200 width=200></img></a>]]>
  </system-out>
</testsuite> <!-- com.nopcommerce.demo.testsuite.ComputersTest -->
